2021-05-24 12:09:09,698:INFO:PyCaret Supervised Module
2021-05-24 12:09:09,699:INFO:ML Usecase: classification
2021-05-24 12:09:09,699:INFO:version 2.3.1
2021-05-24 12:09:09,699:INFO:Initializing setup()
2021-05-24 12:09:09,699:INFO:setup(target=Churn, ml_usecase=classification, available_plots={'parameter': 'Hyperparameters', 'auc': 'AUC', 'confusion_matrix': 'Confusion Matrix', 'threshold': 'Threshold', 'pr': 'Precision Recall', 'error': 'Prediction Error', 'class_report': 'Class Report', 'rfe': 'Feature Selection', 'learning': 'Learning Curve', 'manifold': 'Manifold Learning', 'calibration': 'Calibration Curve', 'vc': 'Validation Curve', 'dimension': 'Dimensions', 'feature': 'Feature Importance', 'feature_all': 'Feature Importance (All)', 'boundary': 'Decision Boundary', 'lift': 'Lift Chart', 'gain': 'Gain Chart', 'tree': 'Decision Tree'}, train_size=0.7, test_data=None, preprocess=True, imputation_type=simple, iterative_imputation_iters=5, categorical_features=None, categorical_imputation=mode, categorical_iterative_imputer=lightgbm, ordinal_features={'Contract': ['Month-to-month', 'One year', 'Two year']}, high_cardinality_features=None, high_cardinality_method=frequency, numeric_features=None, numeric_imputation=median, numeric_iterative_imputer=lightgbm, date_features=None, ignore_features=['customerID'], normalize=True, normalize_method=zscore, transformation=True, transformation_method=yeo-johnson, handle_unknown_categorical=True, unknown_categorical_method=most_frequent, pca=False, pca_method=linear, pca_components=None, ignore_low_variance=True, combine_rare_levels=True, rare_level_threshold=0.1, bin_numeric_features=None, remove_outliers=False, outliers_threshold=0.05, remove_multicollinearity=True, multicollinearity_threshold=0.9, remove_perfect_collinearity=True, create_clusters=False, cluster_iter=20, polynomial_features=False, polynomial_degree=2, trigonometry_features=False, polynomial_threshold=0.1, group_features=None, group_names=None, feature_selection=False, feature_selection_threshold=0.8, feature_selection_method=classic, feature_interaction=False, feature_ratio=False, interaction_threshold=0.01, fix_imbalance=True, fix_imbalance_method=None, transform_target=False, transform_target_method=box-cox, data_split_shuffle=True, data_split_stratify=False, fold_strategy=stratifiedkfold, fold=10, fold_shuffle=False, fold_groups=None, n_jobs=-1, use_gpu=False, custom_pipeline=None, html=True, session_id=None, log_experiment=False, experiment_name=None, log_plots=False, log_profile=False, log_data=False, silent=False, verbose=True, profile=False, profile_kwargs=None, display=None)
2021-05-24 12:09:09,699:INFO:Checking environment
2021-05-24 12:09:09,699:INFO:python_version: 3.8.3
2021-05-24 12:09:09,699:INFO:python_build: ('default', 'Jul  2 2020 11:26:31')
2021-05-24 12:09:09,699:INFO:machine: x86_64
2021-05-24 12:09:09,709:INFO:platform: macOS-10.16-x86_64-i386-64bit
2021-05-24 12:09:09,710:WARNING:cannot find psutil installation. memory not traceable. Install psutil using pip to enable memory logging.
2021-05-24 12:09:09,710:INFO:Checking libraries
2021-05-24 12:09:09,710:INFO:pd==1.2.4
2021-05-24 12:09:09,710:INFO:numpy==1.19.5
2021-05-24 12:09:09,710:INFO:sklearn==0.23.2
2021-05-24 12:09:09,710:INFO:lightgbm==3.2.1
2021-05-24 12:09:09,710:WARNING:catboost not found
2021-05-24 12:09:09,711:WARNING:xgboost not found
2021-05-24 12:09:09,923:INFO:mlflow==1.17.0
2021-05-24 12:09:09,923:INFO:Checking Exceptions
2021-05-24 12:09:09,925:INFO:Declaring global variables
2021-05-24 12:09:09,925:INFO:USI: 11bf
2021-05-24 12:09:09,925:INFO:pycaret_globals: {'_gpu_n_jobs_param', 'fold_shuffle_param', 'transform_target_method_param', 'y', 'pycaret_globals', 'iterative_imputation_iters_param', 'data_before_preprocess', '_available_plots', 'X', 'n_jobs_param', '_internal_pipeline', 'fold_groups_param_full', 'transform_target_param', 'imputation_regressor', 'seed', 'fold_param', 'master_model_container', 'y_test', 'target_param', 'USI', 'stratify_param', '_all_metrics', 'log_plots_param', 'fix_imbalance_param', 'y_train', 'html_param', 'logging_param', 'fold_generator', 'gpu_param', 'imputation_classifier', 'fold_groups_param', 'exp_name_log', 'prep_pipe', 'create_model_container', '_all_models_internal', 'display_container', 'fix_imbalance_method_param', 'experiment__', '_ml_usecase', 'X_train', '_all_models', 'X_test'}
2021-05-24 12:09:09,926:INFO:Preparing display monitor
2021-05-24 12:09:09,926:INFO:Preparing display monitor
2021-05-24 12:09:09,940:INFO:Importing libraries
2021-05-24 12:09:09,940:INFO:Copying data for preprocessing
2021-05-24 12:09:09,947:INFO:Declaring preprocessing parameters
2021-05-24 12:09:09,950:INFO:Creating preprocessing pipeline
2021-05-24 12:09:09,975:INFO:Preprocessing pipeline created successfully
2021-05-24 12:09:09,975:ERROR:(Process Exit): setup has been interupted with user command 'quit'. setup must rerun.
2021-05-24 12:09:09,975:INFO:Creating global containers
2021-05-24 12:09:09,976:INFO:Internal pipeline: Pipeline(memory=None,
         steps=[('fix_imbalance',
                 SMOTE(k_neighbors=5, n_jobs=None, random_state=7028,
                       sampling_strategy='auto'))],
         verbose=False)
2021-05-24 12:09:45,235:INFO:PyCaret Supervised Module
2021-05-24 12:09:45,235:INFO:ML Usecase: classification
2021-05-24 12:09:45,235:INFO:version 2.3.1
2021-05-24 12:09:45,235:INFO:Initializing setup()
2021-05-24 12:09:45,235:INFO:setup(target=Churn, ml_usecase=classification, available_plots={'parameter': 'Hyperparameters', 'auc': 'AUC', 'confusion_matrix': 'Confusion Matrix', 'threshold': 'Threshold', 'pr': 'Precision Recall', 'error': 'Prediction Error', 'class_report': 'Class Report', 'rfe': 'Feature Selection', 'learning': 'Learning Curve', 'manifold': 'Manifold Learning', 'calibration': 'Calibration Curve', 'vc': 'Validation Curve', 'dimension': 'Dimensions', 'feature': 'Feature Importance', 'feature_all': 'Feature Importance (All)', 'boundary': 'Decision Boundary', 'lift': 'Lift Chart', 'gain': 'Gain Chart', 'tree': 'Decision Tree'}, train_size=0.7, test_data=None, preprocess=True, imputation_type=simple, iterative_imputation_iters=5, categorical_features=None, categorical_imputation=mode, categorical_iterative_imputer=lightgbm, ordinal_features={'Contract': ['Month-to-month', 'One year', 'Two year']}, high_cardinality_features=None, high_cardinality_method=frequency, numeric_features=None, numeric_imputation=median, numeric_iterative_imputer=lightgbm, date_features=None, ignore_features=['customerID'], normalize=True, normalize_method=zscore, transformation=True, transformation_method=yeo-johnson, handle_unknown_categorical=True, unknown_categorical_method=most_frequent, pca=False, pca_method=linear, pca_components=None, ignore_low_variance=True, combine_rare_levels=True, rare_level_threshold=0.1, bin_numeric_features=None, remove_outliers=False, outliers_threshold=0.05, remove_multicollinearity=True, multicollinearity_threshold=0.9, remove_perfect_collinearity=True, create_clusters=False, cluster_iter=20, polynomial_features=False, polynomial_degree=2, trigonometry_features=False, polynomial_threshold=0.1, group_features=None, group_names=None, feature_selection=False, feature_selection_threshold=0.8, feature_selection_method=classic, feature_interaction=False, feature_ratio=False, interaction_threshold=0.01, fix_imbalance=True, fix_imbalance_method=None, transform_target=False, transform_target_method=box-cox, data_split_shuffle=True, data_split_stratify=False, fold_strategy=stratifiedkfold, fold=10, fold_shuffle=False, fold_groups=None, n_jobs=-1, use_gpu=False, custom_pipeline=None, html=True, session_id=None, log_experiment=False, experiment_name=None, log_plots=False, log_profile=False, log_data=False, silent=False, verbose=True, profile=False, profile_kwargs=None, display=None)
2021-05-24 12:09:45,235:INFO:Checking environment
2021-05-24 12:09:45,235:INFO:python_version: 3.8.3
2021-05-24 12:09:45,235:INFO:python_build: ('default', 'Jul  2 2020 11:26:31')
2021-05-24 12:09:45,235:INFO:machine: x86_64
2021-05-24 12:09:45,247:INFO:platform: macOS-10.16-x86_64-i386-64bit
2021-05-24 12:09:45,249:WARNING:cannot find psutil installation. memory not traceable. Install psutil using pip to enable memory logging.
2021-05-24 12:09:45,250:INFO:Checking libraries
2021-05-24 12:09:45,250:INFO:pd==1.2.4
2021-05-24 12:09:45,250:INFO:numpy==1.19.5
2021-05-24 12:09:45,250:INFO:sklearn==0.23.2
2021-05-24 12:09:45,250:INFO:lightgbm==3.2.1
2021-05-24 12:09:45,251:WARNING:catboost not found
2021-05-24 12:09:45,251:WARNING:xgboost not found
2021-05-24 12:09:45,449:INFO:mlflow==1.17.0
2021-05-24 12:09:45,450:INFO:Checking Exceptions
2021-05-24 12:09:45,452:INFO:Declaring global variables
2021-05-24 12:09:45,452:INFO:USI: 9163
2021-05-24 12:09:45,452:INFO:pycaret_globals: {'display_container', 'X_test', 'log_plots_param', 'fold_generator', '_internal_pipeline', 'logging_param', 'y', 'X', 'y_test', 'html_param', 'fold_param', 'prep_pipe', 'stratify_param', 'n_jobs_param', 'gpu_param', 'imputation_classifier', '_ml_usecase', 'exp_name_log', 'fold_groups_param_full', 'seed', '_all_metrics', 'X_train', 'transform_target_param', 'USI', 'target_param', '_available_plots', 'transform_target_method_param', '_all_models', 'data_before_preprocess', 'fix_imbalance_param', 'pycaret_globals', 'experiment__', '_all_models_internal', 'master_model_container', 'imputation_regressor', 'fix_imbalance_method_param', 'y_train', 'fold_groups_param', '_gpu_n_jobs_param', 'create_model_container', 'fold_shuffle_param', 'iterative_imputation_iters_param'}
2021-05-24 12:09:45,452:INFO:Preparing display monitor
2021-05-24 12:09:45,452:INFO:Preparing display monitor
2021-05-24 12:09:45,464:INFO:Importing libraries
2021-05-24 12:09:45,465:INFO:Copying data for preprocessing
2021-05-24 12:09:45,473:INFO:Declaring preprocessing parameters
2021-05-24 12:09:45,476:INFO:Creating preprocessing pipeline
2021-05-24 12:09:45,501:INFO:Preprocessing pipeline created successfully
2021-05-24 12:09:45,501:ERROR:(Process Exit): setup has been interupted with user command 'quit'. setup must rerun.
2021-05-24 12:09:45,501:INFO:Creating global containers
2021-05-24 12:09:45,502:INFO:Internal pipeline: Pipeline(memory=None,
         steps=[('fix_imbalance',
                 SMOTE(k_neighbors=5, n_jobs=None, random_state=636,
                       sampling_strategy='auto'))],
         verbose=False)
2021-05-24 12:47:38,706:INFO:PyCaret Supervised Module
2021-05-24 12:47:38,706:INFO:ML Usecase: classification
2021-05-24 12:47:38,707:INFO:version 2.3.1
2021-05-24 12:47:38,707:INFO:Initializing setup()
2021-05-24 12:47:38,707:INFO:setup(target=Churn, ml_usecase=classification, available_plots={'parameter': 'Hyperparameters', 'auc': 'AUC', 'confusion_matrix': 'Confusion Matrix', 'threshold': 'Threshold', 'pr': 'Precision Recall', 'error': 'Prediction Error', 'class_report': 'Class Report', 'rfe': 'Feature Selection', 'learning': 'Learning Curve', 'manifold': 'Manifold Learning', 'calibration': 'Calibration Curve', 'vc': 'Validation Curve', 'dimension': 'Dimensions', 'feature': 'Feature Importance', 'feature_all': 'Feature Importance (All)', 'boundary': 'Decision Boundary', 'lift': 'Lift Chart', 'gain': 'Gain Chart', 'tree': 'Decision Tree'}, train_size=0.7, test_data=None, preprocess=True, imputation_type=simple, iterative_imputation_iters=5, categorical_features=None, categorical_imputation=mode, categorical_iterative_imputer=lightgbm, ordinal_features={'Contract': ['Month-to-month', 'One year', 'Two year']}, high_cardinality_features=None, high_cardinality_method=frequency, numeric_features=None, numeric_imputation=median, numeric_iterative_imputer=lightgbm, date_features=None, ignore_features=['customerID'], normalize=True, normalize_method=zscore, transformation=True, transformation_method=yeo-johnson, handle_unknown_categorical=True, unknown_categorical_method=most_frequent, pca=False, pca_method=linear, pca_components=None, ignore_low_variance=True, combine_rare_levels=True, rare_level_threshold=0.1, bin_numeric_features=None, remove_outliers=False, outliers_threshold=0.05, remove_multicollinearity=True, multicollinearity_threshold=0.9, remove_perfect_collinearity=True, create_clusters=False, cluster_iter=20, polynomial_features=False, polynomial_degree=2, trigonometry_features=False, polynomial_threshold=0.1, group_features=None, group_names=None, feature_selection=False, feature_selection_threshold=0.8, feature_selection_method=classic, feature_interaction=False, feature_ratio=False, interaction_threshold=0.01, fix_imbalance=True, fix_imbalance_method=None, transform_target=False, transform_target_method=box-cox, data_split_shuffle=True, data_split_stratify=False, fold_strategy=stratifiedkfold, fold=10, fold_shuffle=False, fold_groups=None, n_jobs=-1, use_gpu=False, custom_pipeline=None, html=True, session_id=None, log_experiment=False, experiment_name=None, log_plots=False, log_profile=False, log_data=False, silent=False, verbose=True, profile=False, profile_kwargs=None, display=None)
2021-05-24 12:47:38,707:INFO:Checking environment
2021-05-24 12:47:38,707:INFO:python_version: 3.8.3
2021-05-24 12:47:38,707:INFO:python_build: ('default', 'Jul  2 2020 11:26:31')
2021-05-24 12:47:38,707:INFO:machine: x86_64
2021-05-24 12:47:38,720:INFO:platform: macOS-10.16-x86_64-i386-64bit
2021-05-24 12:47:38,722:WARNING:cannot find psutil installation. memory not traceable. Install psutil using pip to enable memory logging.
2021-05-24 12:47:38,722:INFO:Checking libraries
2021-05-24 12:47:38,722:INFO:pd==1.2.4
2021-05-24 12:47:38,722:INFO:numpy==1.19.5
2021-05-24 12:47:38,723:INFO:sklearn==0.23.2
2021-05-24 12:47:38,723:INFO:lightgbm==3.2.1
2021-05-24 12:47:38,723:WARNING:catboost not found
2021-05-24 12:47:38,723:WARNING:xgboost not found
2021-05-24 12:47:38,938:INFO:mlflow==1.17.0
2021-05-24 12:47:38,939:INFO:Checking Exceptions
2021-05-24 12:47:38,941:INFO:Declaring global variables
2021-05-24 12:47:38,941:INFO:USI: 3272
2021-05-24 12:47:38,941:INFO:pycaret_globals: {'_internal_pipeline', 'logging_param', 'stratify_param', '_all_models', '_gpu_n_jobs_param', 'X_train', 'fold_groups_param', 'USI', 'transform_target_method_param', 'pycaret_globals', '_ml_usecase', 'html_param', 'create_model_container', 'iterative_imputation_iters_param', 'fold_param', 'y', 'display_container', '_all_models_internal', 'seed', 'target_param', 'imputation_regressor', 'fold_generator', 'master_model_container', '_available_plots', 'y_train', 'fold_shuffle_param', 'prep_pipe', 'exp_name_log', 'transform_target_param', 'y_test', 'n_jobs_param', 'log_plots_param', 'data_before_preprocess', 'fix_imbalance_param', 'fix_imbalance_method_param', 'X_test', 'X', 'imputation_classifier', 'experiment__', 'fold_groups_param_full', 'gpu_param', '_all_metrics'}
2021-05-24 12:47:38,941:INFO:Preparing display monitor
2021-05-24 12:47:38,941:INFO:Preparing display monitor
2021-05-24 12:47:38,953:INFO:Importing libraries
2021-05-24 12:47:38,953:INFO:Copying data for preprocessing
2021-05-24 12:47:38,961:INFO:Declaring preprocessing parameters
2021-05-24 12:47:38,963:INFO:Creating preprocessing pipeline
2021-05-24 12:47:38,988:INFO:Preprocessing pipeline created successfully
2021-05-24 12:47:38,988:ERROR:(Process Exit): setup has been interupted with user command 'quit'. setup must rerun.
2021-05-24 12:47:38,988:INFO:Creating global containers
2021-05-24 12:47:38,989:INFO:Internal pipeline: Pipeline(memory=None,
         steps=[('fix_imbalance',
                 SMOTE(k_neighbors=5, n_jobs=None, random_state=7460,
                       sampling_strategy='auto'))],
         verbose=False)
2021-05-24 14:24:36,250:INFO:PyCaret Supervised Module
2021-05-24 14:24:36,250:INFO:ML Usecase: classification
2021-05-24 14:24:36,250:INFO:version 2.3.1
2021-05-24 14:24:36,250:INFO:Initializing setup()
2021-05-24 14:24:36,250:INFO:setup(target=Churn, ml_usecase=classification, available_plots={'parameter': 'Hyperparameters', 'auc': 'AUC', 'confusion_matrix': 'Confusion Matrix', 'threshold': 'Threshold', 'pr': 'Precision Recall', 'error': 'Prediction Error', 'class_report': 'Class Report', 'rfe': 'Feature Selection', 'learning': 'Learning Curve', 'manifold': 'Manifold Learning', 'calibration': 'Calibration Curve', 'vc': 'Validation Curve', 'dimension': 'Dimensions', 'feature': 'Feature Importance', 'feature_all': 'Feature Importance (All)', 'boundary': 'Decision Boundary', 'lift': 'Lift Chart', 'gain': 'Gain Chart', 'tree': 'Decision Tree'}, train_size=0.7, test_data=None, preprocess=True, imputation_type=simple, iterative_imputation_iters=5, categorical_features=None, categorical_imputation=mode, categorical_iterative_imputer=lightgbm, ordinal_features={'Contract': ['Month-to-month', 'One year', 'Two year']}, high_cardinality_features=None, high_cardinality_method=frequency, numeric_features=None, numeric_imputation=median, numeric_iterative_imputer=lightgbm, date_features=None, ignore_features=['customerID'], normalize=True, normalize_method=zscore, transformation=True, transformation_method=yeo-johnson, handle_unknown_categorical=True, unknown_categorical_method=most_frequent, pca=False, pca_method=linear, pca_components=None, ignore_low_variance=True, combine_rare_levels=True, rare_level_threshold=0.1, bin_numeric_features=None, remove_outliers=False, outliers_threshold=0.05, remove_multicollinearity=True, multicollinearity_threshold=0.9, remove_perfect_collinearity=True, create_clusters=False, cluster_iter=20, polynomial_features=False, polynomial_degree=2, trigonometry_features=False, polynomial_threshold=0.1, group_features=None, group_names=None, feature_selection=False, feature_selection_threshold=0.8, feature_selection_method=classic, feature_interaction=False, feature_ratio=False, interaction_threshold=0.01, fix_imbalance=True, fix_imbalance_method=None, transform_target=False, transform_target_method=box-cox, data_split_shuffle=True, data_split_stratify=False, fold_strategy=stratifiedkfold, fold=10, fold_shuffle=False, fold_groups=None, n_jobs=-1, use_gpu=False, custom_pipeline=None, html=True, session_id=None, log_experiment=False, experiment_name=None, log_plots=False, log_profile=False, log_data=False, silent=False, verbose=True, profile=False, profile_kwargs=None, display=None)
2021-05-24 14:24:36,250:INFO:Checking environment
2021-05-24 14:24:36,250:INFO:python_version: 3.8.3
2021-05-24 14:24:36,250:INFO:python_build: ('default', 'Jul  2 2020 11:26:31')
2021-05-24 14:24:36,251:INFO:machine: x86_64
2021-05-24 14:24:36,264:INFO:platform: macOS-10.16-x86_64-i386-64bit
2021-05-24 14:24:36,266:WARNING:cannot find psutil installation. memory not traceable. Install psutil using pip to enable memory logging.
2021-05-24 14:24:36,266:INFO:Checking libraries
2021-05-24 14:24:36,266:INFO:pd==1.2.4
2021-05-24 14:24:36,266:INFO:numpy==1.19.5
2021-05-24 14:24:36,266:INFO:sklearn==0.23.2
2021-05-24 14:24:36,266:INFO:lightgbm==3.2.1
2021-05-24 14:24:36,267:WARNING:catboost not found
2021-05-24 14:24:36,267:WARNING:xgboost not found
2021-05-24 14:24:36,471:INFO:mlflow==1.17.0
2021-05-24 14:24:36,471:INFO:Checking Exceptions
2021-05-24 14:24:36,473:INFO:Declaring global variables
2021-05-24 14:24:36,473:INFO:USI: e900
2021-05-24 14:24:36,473:INFO:pycaret_globals: {'_all_models', 'seed', 'target_param', 'iterative_imputation_iters_param', '_gpu_n_jobs_param', 'fold_param', 'y', 'pycaret_globals', 'stratify_param', 'create_model_container', 'logging_param', 'fix_imbalance_param', 'X', 'experiment__', 'fold_groups_param_full', '_all_models_internal', 'fold_shuffle_param', 'imputation_regressor', 'log_plots_param', 'transform_target_method_param', '_ml_usecase', 'html_param', 'exp_name_log', 'prep_pipe', 'master_model_container', '_all_metrics', 'transform_target_param', 'display_container', 'X_test', 'y_train', 'imputation_classifier', 'fold_groups_param', 'n_jobs_param', 'data_before_preprocess', '_available_plots', '_internal_pipeline', 'USI', 'gpu_param', 'fold_generator', 'X_train', 'y_test', 'fix_imbalance_method_param'}
2021-05-24 14:24:36,474:INFO:Preparing display monitor
2021-05-24 14:24:36,474:INFO:Preparing display monitor
2021-05-24 14:24:36,484:INFO:Importing libraries
2021-05-24 14:24:36,485:INFO:Copying data for preprocessing
2021-05-24 14:24:36,492:INFO:Declaring preprocessing parameters
2021-05-24 14:24:36,495:INFO:Creating preprocessing pipeline
2021-05-24 14:24:36,518:INFO:Preprocessing pipeline created successfully
2021-05-24 14:24:36,519:ERROR:(Process Exit): setup has been interupted with user command 'quit'. setup must rerun.
2021-05-24 14:24:36,519:INFO:Creating global containers
2021-05-24 14:24:36,520:INFO:Internal pipeline: Pipeline(memory=None,
         steps=[('fix_imbalance',
                 SMOTE(k_neighbors=5, n_jobs=None, random_state=5287,
                       sampling_strategy='auto'))],
         verbose=False)
